d:\artfx\simple game engine\simplegameengine\simplegameengine\x64\debug\vc142.pdb
d:\artfx\simple game engine\simplegameengine\simplegameengine\x64\debug\vc142.idb
d:\artfx\simple game engine\simplegameengine\simplegameengine\x64\debug\window.obj
d:\artfx\simple game engine\simplegameengine\simplegameengine\x64\debug\timer.obj
d:\artfx\simple game engine\simplegameengine\simplegameengine\x64\debug\renderer.obj
d:\artfx\simple game engine\simplegameengine\simplegameengine\x64\debug\main.obj
d:\artfx\simple game engine\simplegameengine\simplegameengine\x64\debug\log.obj
d:\artfx\simple game engine\simplegameengine\simplegameengine\x64\debug\game.obj
d:\artfx\simple game engine\simplegameengine\simplegameengine\x64\debug\vector2.obj
d:\artfx\simple game engine\simplegameengine\simplegameengine\x64\debug\texture.obj
d:\artfx\simple game engine\simplegameengine\simplegameengine\x64\debug\component.obj
d:\artfx\simple game engine\simplegameengine\simplegameengine\x64\debug\assets.obj
d:\artfx\simple game engine\simplegameengine\simplegameengine\x64\debug\actor.obj
d:\artfx\simple game engine\simplegameengine\simplegameengine\x64\debug\rectangle.obj
d:\artfx\simple game engine\simplegameengine\simplegameengine\x64\debug\spritecomponent.obj
d:\artfx\simple game engine\simplegameengine\simplegameengine\x64\debug\backgroundspritecomponent.obj
d:\artfx\simple game engine\simplegameengine\simplegameengine\x64\debug\animspritecomponent.obj
d:\artfx\simple game engine\simplegameengine\simplegameengine\x64\debug\random.obj
d:\artfx\simple game engine\simplegameengine\simplegameengine\x64\debug\movecomponent.obj
d:\artfx\simple game engine\simplegameengine\simplegameengine\x64\debug\astroid.obj
d:\artfx\simple game engine\simplegameengine\simplegameengine\x64\debug\ship.obj
d:\artfx\simple game engine\simplegameengine\simplegameengine\x64\debug\inputcomponent.obj
d:\artfx\simple game engine\simplegameengine\simplegameengine\x64\debug\laser.obj
d:\artfx\simple game engine\simplegameengine\simplegameengine\x64\debug\circlecollisioncomponent.obj
d:\artfx\simple game engine\simplegameengine\simplegameengine\x64\debug\enemyship.obj
d:\artfx\simple game engine\simplegameengine\simplegameengine\x64\debug\vertexarray.obj
d:\artfx\simple game engine\simplegameengine\simplegameengine\x64\debug\renderersdl.obj
d:\artfx\simple game engine\simplegameengine\simplegameengine\x64\debug\rendererogl.obj
g:\programming\simplegameengine\simplegameengine\x64\debug\vc142.pdb
g:\programming\simplegameengine\simplegameengine\x64\debug\vc142.idb
g:\programming\simplegameengine\simplegameengine\x64\debug\spritecomponent.obj
g:\programming\simplegameengine\simplegameengine\x64\debug\ship.obj
g:\programming\simplegameengine\simplegameengine\x64\debug\renderersdl.obj
g:\programming\simplegameengine\simplegameengine\x64\debug\rendererogl.obj
g:\programming\simplegameengine\simplegameengine\x64\debug\rectangle.obj
g:\programming\simplegameengine\simplegameengine\x64\debug\random.obj
g:\programming\simplegameengine\simplegameengine\x64\debug\movecomponent.obj
g:\programming\simplegameengine\simplegameengine\x64\debug\main.obj
g:\programming\simplegameengine\simplegameengine\x64\debug\log.obj
g:\programming\simplegameengine\simplegameengine\x64\debug\laser.obj
g:\programming\simplegameengine\simplegameengine\x64\debug\inputcomponent.obj
g:\programming\simplegameengine\simplegameengine\x64\debug\game.obj
g:\programming\simplegameengine\simplegameengine\x64\debug\component.obj
g:\programming\simplegameengine\simplegameengine\x64\debug\circlecollisioncomponent.obj
g:\programming\simplegameengine\simplegameengine\x64\debug\astroid.obj
g:\programming\simplegameengine\simplegameengine\x64\debug\assets.obj
g:\programming\simplegameengine\simplegameengine\x64\debug\animspritecomponent.obj
g:\programming\simplegameengine\simplegameengine\x64\debug\actor.obj
g:\programming\simplegameengine\simplegameengine\x64\debug\window.obj
g:\programming\simplegameengine\simplegameengine\x64\debug\vertexarray.obj
g:\programming\simplegameengine\simplegameengine\x64\debug\vector2.obj
g:\programming\simplegameengine\simplegameengine\x64\debug\timer.obj
d:\artfx\simple game engine\simplegameengine\x64\debug\simplegameengine.exe
d:\artfx\simple game engine\simplegameengine\x64\debug\simplegameengine.ilk
d:\artfx\simple game engine\simplegameengine\x64\debug\simplegameengine.pdb
g:\programming\simplegameengine\simplegameengine\x64\debug\backgroundspritecomponent.obj
g:\programming\simplegameengine\simplegameengine\x64\debug\enemyship.obj
g:\programming\simplegameengine\simplegameengine\x64\debug\renderer.obj
g:\programming\simplegameengine\simplegameengine\x64\debug\texture.obj
g:\programming\simplegameengine\simplegameengine\x64\debug\simplegameengine.tlog\cl.command.1.tlog
g:\programming\simplegameengine\simplegameengine\x64\debug\simplegameengine.tlog\cl.read.1.tlog
g:\programming\simplegameengine\simplegameengine\x64\debug\simplegameengine.tlog\cl.write.1.tlog
g:\programming\simplegameengine\simplegameengine\x64\debug\simplegameengine.tlog\link.command.1.tlog
g:\programming\simplegameengine\simplegameengine\x64\debug\simplegameengine.tlog\link.read.1.tlog
g:\programming\simplegameengine\simplegameengine\x64\debug\simplegameengine.tlog\link.write.1.tlog
